<?xml version="1.0" encoding="UTF-8"?>
<testsuite name="com.example.account.service.AccountServiceTest" tests="13" skipped="0" failures="0" errors="0" timestamp="2024-12-23T06:47:22" hostname="yunsiwon-ui-noteubug.local" time="0.48">
  <properties/>
  <testcase name="deleteAccountSuccess()" classname="com.example.account.service.AccountServiceTest" time="0.454"/>
  <testcase name="Delete Account Failed : Already Unregistered Account" classname="com.example.account.service.AccountServiceTest" time="0.003"/>
  <testcase name="Delete Account Failed : User UnMatch" classname="com.example.account.service.AccountServiceTest" time="0.001"/>
  <testcase name="Delete Account Failed : Account Has Balance" classname="com.example.account.service.AccountServiceTest" time="0.002"/>
  <testcase name="Delete Account Failed : Account Not Found" classname="com.example.account.service.AccountServiceTest" time="0.002"/>
  <testcase name="Account Create Failed : User Not Found" classname="com.example.account.service.AccountServiceTest" time="0.001"/>
  <testcase name="createFirstAccount()" classname="com.example.account.service.AccountServiceTest" time="0.002"/>
  <testcase name="Max Number Of Account is 10" classname="com.example.account.service.AccountServiceTest" time="0.002"/>
  <testcase name="mock을 이용한 계좌 조회 성공" classname="com.example.account.service.AccountServiceTest" time="0.001"/>
  <testcase name="Delete Account Failed : User Not Found" classname="com.example.account.service.AccountServiceTest" time="0.001"/>
  <testcase name="successGetAccountsByUserId()" classname="com.example.account.service.AccountServiceTest" time="0.001"/>
  <testcase name="createAccountSuccess()" classname="com.example.account.service.AccountServiceTest" time="0.002"/>
  <testcase name="getAccountFailed()" classname="com.example.account.service.AccountServiceTest" time="0.001"/>
  <system-out><![CDATA[]]></system-out>
  <system-err><![CDATA[]]></system-err>
</testsuite>
